<?xml version="1.0" encoding="UTF-8"?>
<testng-results skipped="0" failed="0" total="1" passed="1">
  <reporter-output>
    <line>
      <![CDATA[10/06/2015 16:46:55: - Go to url [ http://i3lerpweb4.itcinfotech.com:8000/psp/OPPORTAL/?cmd=login&languageCd=ENG& ], [<a href='./screenshots/1444130214576.png'>Screenshot</a>]]]>
    </line>
    <line>
      <![CDATA[10/06/2015 16:46:57: - Wait: Sleeping for [2] seconds]]>
    </line>
    <line>
      <![CDATA[10/06/2015 16:46:59: - Wait: Sleeping for [2] seconds]]>
    </line>
    <line>
      <![CDATA[10/06/2015 16:47:01: - Clicking on [By.xpath: //input[@name='Submit']], [<a href='./screenshots/1444130221173.png'>Screenshot</a>]]]>
    </line>
    <line>
      <![CDATA[10/06/2015 16:47:01: - Waiting for the element [By.xpath: //input[@name='Submit']], timeout = [10]]]>
    </line>
    <line>
      <![CDATA[10/06/2015 16:47:03: - Successfully clicked the element]]>
    </line>
  </reporter-output>
  <suite name="Smoke-Pass" duration-ms="21163" started-at="2015-10-06T11:16:42Z" finished-at="2015-10-06T11:17:04Z">
    <groups>
    </groups>
    <test name="ITCOnePoint-Framework" duration-ms="21163" started-at="2015-10-06T11:16:42Z" finished-at="2015-10-06T11:17:04Z">
      <class name="com.framework.tests.itconepoint.smoke.TimeSheetReport">
        <test-method status="PASS" signature="setup(java.lang.String)[pri:0, instance:com.framework.tests.itconepoint.smoke.TimeSheetReport@1c057a1e]" name="setup" is-config="true" duration-ms="11545" started-at="2015-10-06T16:46:42Z" finished-at="2015-10-06T16:46:54Z">
          <params>
            <param index="0">
              <value>
                <![CDATA[firefox]]>
              </value>
            </param>
          </params>
          <reporter-output>
          </reporter-output>
        </test-method> <!-- setup -->
        <test-method status="PASS" signature="Test_01_OnePointReportGeneration()[pri:0, instance:com.framework.tests.itconepoint.smoke.TimeSheetReport@1c057a1e]" name="Test_01_OnePointReportGeneration" duration-ms="9163" started-at="2015-10-06T16:46:54Z" description="One Point Time Sheet Report Generation" finished-at="2015-10-06T16:47:03Z">
          <reporter-output>
            <line>
              <![CDATA[10/06/2015 16:46:55: - Go to url [ http://i3lerpweb4.itcinfotech.com:8000/psp/OPPORTAL/?cmd=login&languageCd=ENG& ], [<a href='./screenshots/1444130214576.png'>Screenshot</a>]]]>
            </line>
            <line>
              <![CDATA[10/06/2015 16:46:57: - Wait: Sleeping for [2] seconds]]>
            </line>
            <line>
              <![CDATA[10/06/2015 16:46:59: - Wait: Sleeping for [2] seconds]]>
            </line>
            <line>
              <![CDATA[10/06/2015 16:47:01: - Clicking on [By.xpath: //input[@name='Submit']], [<a href='./screenshots/1444130221173.png'>Screenshot</a>]]]>
            </line>
            <line>
              <![CDATA[10/06/2015 16:47:01: - Waiting for the element [By.xpath: //input[@name='Submit']], timeout = [10]]]>
            </line>
            <line>
              <![CDATA[10/06/2015 16:47:03: - Successfully clicked the element]]>
            </line>
          </reporter-output>
        </test-method> <!-- Test_01_OnePointReportGeneration -->
        <test-method status="PASS" signature="tearDown()[pri:0, instance:com.framework.tests.itconepoint.smoke.TimeSheetReport@1c057a1e]" name="tearDown" is-config="true" duration-ms="442" started-at="2015-10-06T16:47:03Z" finished-at="2015-10-06T16:47:04Z">
          <reporter-output>
          </reporter-output>
        </test-method> <!-- tearDown -->
      </class> <!-- com.framework.tests.itconepoint.smoke.TimeSheetReport -->
    </test> <!-- ITCOnePoint-Framework -->
  </suite> <!-- Smoke-Pass -->
</testng-results>
